<?xml version="1.0" encoding="UTF-8"?>
<!-- Generated by org.testng.reporters.JUnitReportReporter -->
<testsuite skipped="0" hostname="DESKTOP-D7PUHMF" name="com.qa.tests.PostAPITest" tests="1" failures="0" timestamp="15 Aug 2018 06:34:36 GMT" time="2.010" errors="0">
  <testcase name="postAPITest" time="2.010" classname="com.qa.tests.PostAPITest"/>
</testsuite> <!-- com.qa.tests.PostAPITest -->
