<?xml version="1.0" encoding="UTF-8"?>
<!-- Generated by org.testng.reporters.JUnitReportReporter -->
<testsuite skipped="0" hostname="DESKTOP-D7PUHMF" name="com.qa.tests.GetAPITest" tests="1" failures="0" timestamp="13 Sep 2018 13:31:00 GMT" time="1.168" errors="0">
  <testcase name="getAPITest" time="1.168" classname="com.qa.tests.GetAPITest"/>
</testsuite> <!-- com.qa.tests.GetAPITest -->
